     100 files     116 text files.
classified 110 filesDuplicate file check 110 files (105 known unique)Unique:      100 files                                               107 unique files.                              
Counting:  100      19 files ignored.

github.com/AlDanial/cloc v 1.74  T=0.73 s (141.9 files/s, 38118.9 lines/s)
-------------------------------------------------------------------------------
Language                     files          blank        comment           code
-------------------------------------------------------------------------------
Fortran 90                      73           5302           2616          17045
C                                5            294            373            804
Python                           2             87             18            261
C++                              5             42             17            209
Qt                               1              0              0            201
Markdown                         2             26              0             77
OpenCL                           3             23             71             42
JavaScript                       5             11              8             34
HTML                             2              4              0             15
JSON                             1              0              0             12
make                             2             14             48              9
Bourne Shell                     2              2              0              3
-------------------------------------------------------------------------------
SUM:                           103           5805           3151          18712
-------------------------------------------------------------------------------
