     100 files     120 text files.
classified 114 filesDuplicate file check 114 files (107 known unique)Unique:      100 files                                               109 unique files.                              
Counting:  100      23 files ignored.

github.com/AlDanial/cloc v 1.74  T=0.75 s (138.7 files/s, 35213.7 lines/s)
-------------------------------------------------------------------------------
Language                     files          blank        comment           code
-------------------------------------------------------------------------------
Fortran 90                      73           5079           2493          16328
C                                5            250            337            682
C++                              5             42             17            209
Python                           2             75             18            206
Qt                               1              0              0            201
Markdown                         2             26              0             77
Fortran 95                       1             11              7             51
OpenCL                           3             23             71             42
JavaScript                       5             11              8             34
HTML                             2              4              0             15
JSON                             1              0              0             12
make                             2             14             48              9
Bourne Shell                     2              2              0              3
-------------------------------------------------------------------------------
SUM:                           104           5537           2999          17869
-------------------------------------------------------------------------------
