     100 files     117 text files.
classified 111 filesDuplicate file check 111 files (104 known unique)Unique:      100 files                                               106 unique files.                              
Counting:  100      21 files ignored.

github.com/AlDanial/cloc v 1.74  T=0.68 s (149.1 files/s, 38761.0 lines/s)
-------------------------------------------------------------------------------
Language                     files          blank        comment           code
-------------------------------------------------------------------------------
Fortran 90                      71           5079           2547          16385
C                                5            252            337            682
C++                              5             42             17            209
Python                           2             75             18            206
Qt                               1              0              0            201
Markdown                         2             26              0             77
Fortran 95                       1             11              7             51
OpenCL                           3             23             71             42
JavaScript                       5             11              8             34
HTML                             2              4              0             15
JSON                             1              0              0             12
make                             2             14             48              9
Bourne Shell                     2              2              0              3
-------------------------------------------------------------------------------
SUM:                           102           5539           3053          17926
-------------------------------------------------------------------------------
