     100 files     177 text files.
classified 170 filesDuplicate file check 170 files (162 known unique)Unique:      100 files                                               166 unique files.                              
Counting:  100      33 files ignored.

github.com/AlDanial/cloc v 1.74  T=0.76 s (200.0 files/s, 56823.3 lines/s)
-------------------------------------------------------------------------------
Language                     files          blank        comment           code
-------------------------------------------------------------------------------
Fortran 90                      94           8137           3958          26568
Python                          17            442            182           1311
C                                6            323            394            888
C++                              5             42             17            209
Qt                               1              0              0            201
D                               10              3              0             97
Markdown                         2             26              0             77
OpenCL                           3             23             71             42
JavaScript                       5             11              8             34
HTML                             2              4              0             15
JSON                             1              0              0             12
Bourne Shell                     4              2              0              9
make                             2             14             48              9
-------------------------------------------------------------------------------
SUM:                           152           9027           4678          29472
-------------------------------------------------------------------------------
