     100 files     103 text files.
classified 97 files      92 unique files.                              
      22 files ignored.

github.com/AlDanial/cloc v 1.74  T=0.51 s (173.1 files/s, 46814.3 lines/s)
-------------------------------------------------------------------------------
Language                     files          blank        comment           code
-------------------------------------------------------------------------------
Fortran 90                      69           4908           2453          15900
Qt                               1              0              0            201
Markdown                         2             26              0             77
Fortran 95                       1             11              7             51
C++                              3             10              0             42
JavaScript                       5             11              8             34
Python                           2             11              0             19
HTML                             2              4              0             15
JSON                             1              0              0             12
Bourne Shell                     2              2              0              3
-------------------------------------------------------------------------------
SUM:                            88           4983           2468          16354
-------------------------------------------------------------------------------
