     100 files     133 text files.
classified 126 filesDuplicate file check 126 files (120 known unique)Unique:      100 files                                               123 unique files.                              
Counting:  100      20 files ignored.

github.com/AlDanial/cloc v 1.74  T=0.29 s (415.5 files/s, 138140.3 lines/s)
-------------------------------------------------------------------------------
Language                     files          blank        comment           code
-------------------------------------------------------------------------------
Fortran 90                      86           7670           3660          24799
C                                6            323            394            888
Python                           4            186             62            712
C++                              5             42             17            209
Qt                               1              0              0            201
Markdown                         2             26              0             77
OpenCL                           3             23             71             42
JavaScript                       5             11              8             34
HTML                             2              4              0             15
JSON                             1              0              0             12
make                             2             14             48              9
Bourne Shell                     2              2              0              3
-------------------------------------------------------------------------------
SUM:                           119           8301           4260          27001
-------------------------------------------------------------------------------
