     100 files     191 text files.
classified 183 filesDuplicate file check 183 files (175 known unique)Unique:      100 files                                               179 unique files.                              
Counting:  100      35 files ignored.

github.com/AlDanial/cloc v 1.74  T=0.33 s (492.7 files/s, 134889.8 lines/s)
-------------------------------------------------------------------------------
Language                     files          blank        comment           code
-------------------------------------------------------------------------------
Fortran 90                     107           8482           4229          27946
Python                          17            444            182           1311
C                                6            323            394            888
C++                              5             42             17            209
Qt                               1              0              0            201
D                               10              3              0             97
Markdown                         2             26              0             77
OpenCL                           3             23             71             42
JavaScript                       5             11              8             34
HTML                             2              4              0             15
JSON                             1              0              0             12
Bourne Shell                     4              2              0              9
make                             2             14             48              9
-------------------------------------------------------------------------------
SUM:                           165           9374           4949          30850
-------------------------------------------------------------------------------
