2020-09-26 18:43:12.293  INFO 350937 --- [main] c.h.a.c.CustomScannersServiceApplication : Starting CustomScannersServiceApplication on spectre with PID 350937 (/home/haruka/.vscode/extensions/hcltechnologies.hclappscancodesweep-1.1.1/lib/custom-scanners-service-1.0.8.jar started by haruka in /home/haruka/plantFEM)
2020-09-26 18:43:12.298  INFO 350937 --- [main] c.h.a.c.CustomScannersServiceApplication : No active profile set, falling back to default profiles: default
2020-09-26 18:43:14.409  INFO 350937 --- [main] o.s.b.w.embedded.tomcat.TomcatWebServer  : Tomcat initialized with port(s): 9221 (http)
2020-09-26 18:43:14.422  INFO 350937 --- [main] o.apache.catalina.core.StandardService   : Starting service [Tomcat]
2020-09-26 18:43:14.423  INFO 350937 --- [main] org.apache.catalina.core.StandardEngine  : Starting Servlet engine: [Apache Tomcat/9.0.29]
2020-09-26 18:43:14.529  INFO 350937 --- [main] o.a.c.c.C.[Tomcat].[localhost].[/]       : Initializing Spring embedded WebApplicationContext
2020-09-26 18:43:14.529 DEBUG 350937 --- [main] o.s.web.context.ContextLoader            : Published root WebApplicationContext as ServletContext attribute with name [org.springframework.web.context.WebApplicationContext.ROOT]
2020-09-26 18:43:14.529  INFO 350937 --- [main] o.s.web.context.ContextLoader            : Root WebApplicationContext: initialization completed in 2140 ms
2020-09-26 18:43:14.754 DEBUG 350937 --- [main] o.s.b.w.s.ServletContextInitializerBeans : Mapping filters: filterRegistrationBean urls=[/*] order=-2147483647, characterEncodingFilter urls=[/*] order=-2147483648, formContentFilter urls=[/*] order=-9900, requestContextFilter urls=[/*] order=-105
2020-09-26 18:43:14.755 DEBUG 350937 --- [main] o.s.b.w.s.ServletContextInitializerBeans : Mapping servlets: dispatcherServlet urls=[/]
2020-09-26 18:43:16.178 DEBUG 350937 --- [main] s.w.s.m.m.a.RequestMappingHandlerMapping : 19 mappings in 'requestMappingHandlerMapping'
2020-09-26 18:43:16.225  INFO 350937 --- [main] o.s.b.a.e.web.EndpointLinksResolver      : Exposing 2 endpoint(s) beneath base path '/actuator'
2020-09-26 18:43:16.307  INFO 350937 --- [main] pertySourcedRequestMappingHandlerMapping : Mapped URL path [/v2/api-docs] onto method [springfox.documentation.swagger2.web.Swagger2Controller#getDocumentation(String, HttpServletRequest)]
2020-09-26 18:43:16.401  INFO 350937 --- [main] o.s.s.concurrent.ThreadPoolTaskExecutor  : Initializing ExecutorService 'applicationTaskExecutor'
2020-09-26 18:43:16.426 DEBUG 350937 --- [main] s.w.s.m.m.a.RequestMappingHandlerAdapter : ControllerAdvice beans: 0 @ModelAttribute, 0 @InitBinder, 1 RequestBodyAdvice, 1 ResponseBodyAdvice
2020-09-26 18:43:16.571 DEBUG 350937 --- [main] o.s.w.s.handler.SimpleUrlHandlerMapping  : Patterns [/webjars/**, /**] in 'resourceHandlerMapping'
2020-09-26 18:43:16.583 DEBUG 350937 --- [main] .m.m.a.ExceptionHandlerExceptionResolver : ControllerAdvice beans: 1 @ExceptionHandler, 1 ResponseBodyAdvice
2020-09-26 18:43:16.674  INFO 350937 --- [main] d.s.w.p.DocumentationPluginsBootstrapper : Context refreshed
2020-09-26 18:43:16.701  INFO 350937 --- [main] d.s.w.p.DocumentationPluginsBootstrapper : Found 1 custom documentation plugin(s)
2020-09-26 18:43:16.745  INFO 350937 --- [main] s.d.s.w.s.ApiListingReferenceScanner     : Scanning for api listing references
2020-09-26 18:43:17.022  INFO 350937 --- [main] o.s.b.w.embedded.tomcat.TomcatWebServer  : Tomcat started on port(s): 9221 (http) with context path ''
2020-09-26 18:43:17.028  INFO 350937 --- [main] c.h.a.c.CustomScannersServiceApplication : Started CustomScannersServiceApplication in 5.655 seconds (JVM running for 6.4)
2020-09-26 18:48:23.704  INFO 350937 --- [http-nio-9221-exec-1] o.a.c.c.C.[Tomcat].[localhost].[/]       : Initializing Spring DispatcherServlet 'dispatcherServlet'
2020-09-26 18:48:23.705  INFO 350937 --- [http-nio-9221-exec-1] o.s.web.servlet.DispatcherServlet        : Initializing Servlet 'dispatcherServlet'
2020-09-26 18:48:23.705 DEBUG 350937 --- [http-nio-9221-exec-1] o.s.web.servlet.DispatcherServlet        : Detected StandardServletMultipartResolver
2020-09-26 18:48:23.715 DEBUG 350937 --- [http-nio-9221-exec-1] o.s.web.servlet.DispatcherServlet        : enableLoggingRequestDetails='false': request parameters and headers will be masked to prevent unsafe logging of potentially sensitive data
2020-09-26 18:48:23.715  INFO 350937 --- [http-nio-9221-exec-1] o.s.web.servlet.DispatcherServlet        : Completed initialization in 10 ms
2020-09-26 18:48:23.728 DEBUG 350937 --- [http-nio-9221-exec-1] o.s.web.servlet.DispatcherServlet        : GET "/v1/scanRules", parameters={}
2020-09-26 18:48:23.738 DEBUG 350937 --- [http-nio-9221-exec-1] s.w.s.m.m.a.RequestMappingHandlerMapping : Mapped to com.hcl.appscan.customscannersservice.controller.CustomScannersController#getScanRules(String[])
2020-09-26 18:48:23.766 DEBUG 350937 --- [http-nio-9221-exec-1] o.s.w.s.m.m.a.HttpEntityMethodProcessor  : Using 'application/json', given [application/json] and supported [application/json]
2020-09-26 18:48:23.776 DEBUG 350937 --- [http-nio-9221-exec-1] o.s.w.s.m.m.a.HttpEntityMethodProcessor  : Writing [{Golang={com.ouncelabs.languagelite.golang.rules.CommMisconfig=CustomScannersServiceScanRule{ruleNam (truncated)...]
2020-09-26 18:48:23.817 DEBUG 350937 --- [http-nio-9221-exec-1] o.s.web.servlet.DispatcherServlet        : Completed 200 OK
2020-09-26 18:48:23.957 DEBUG 350937 --- [http-nio-9221-exec-2] o.s.web.servlet.DispatcherServlet        : GET "/v1/scanRules", parameters={}
2020-09-26 18:48:23.958 DEBUG 350937 --- [http-nio-9221-exec-2] s.w.s.m.m.a.RequestMappingHandlerMapping : Mapped to com.hcl.appscan.customscannersservice.controller.CustomScannersController#getScanRules(String[])
2020-09-26 18:48:23.959 DEBUG 350937 --- [http-nio-9221-exec-2] o.s.w.s.m.m.a.HttpEntityMethodProcessor  : Using 'application/json', given [application/json] and supported [application/json]
2020-09-26 18:48:23.960 DEBUG 350937 --- [http-nio-9221-exec-2] o.s.w.s.m.m.a.HttpEntityMethodProcessor  : Writing [{Golang={com.ouncelabs.languagelite.golang.rules.CommMisconfig=CustomScannersServiceScanRule{ruleNam (truncated)...]
2020-09-26 18:48:23.965 DEBUG 350937 --- [http-nio-9221-exec-2] o.s.web.servlet.DispatcherServlet        : Completed 200 OK
2020-09-26 18:48:25.270 DEBUG 350937 --- [http-nio-9221-exec-3] o.s.web.servlet.DispatcherServlet        : POST "/v1/scanFile", parameters={masked}
2020-09-26 18:48:25.275 DEBUG 350937 --- [http-nio-9221-exec-3] s.w.s.m.m.a.RequestMappingHandlerMapping : Mapped to com.hcl.appscan.customscannersservice.controller.CustomScannersController#runScanFile(MultipartFile, String, int[])
2020-09-26 18:48:25.385 DEBUG 350937 --- [http-nio-9221-exec-3] o.s.w.s.m.m.a.HttpEntityMethodProcessor  : Using 'application/json', given [application/json] and supported [application/json]
2020-09-26 18:48:25.386 DEBUG 350937 --- [http-nio-9221-exec-3] o.s.w.s.m.m.a.HttpEntityMethodProcessor  : Writing [CustomScannerServiceResult{findings=[], articles={}}]
2020-09-26 18:48:25.388 DEBUG 350937 --- [http-nio-9221-exec-3] o.s.web.servlet.DispatcherServlet        : Completed 200 OK
