     100 files     130 text files.
classified 123 filesDuplicate file check 123 files (117 known unique)Unique:      100 files                                               120 unique files.                              
Counting:  100      20 files ignored.

github.com/AlDanial/cloc v 1.74  T=0.45 s (255.6 files/s, 83226.5 lines/s)
-------------------------------------------------------------------------------
Language                     files          blank        comment           code
-------------------------------------------------------------------------------
Fortran 90                      83           7389           3630          23580
C                                6            323            394            888
Python                           4            152             28            526
C++                              5             42             17            209
Qt                               1              0              0            201
Markdown                         2             26              0             77
OpenCL                           3             23             71             42
JavaScript                       5             11              8             34
HTML                             2              4              0             15
JSON                             1              0              0             12
make                             2             14             48              9
Bourne Shell                     2              2              0              3
-------------------------------------------------------------------------------
SUM:                           116           7986           4196          25596
-------------------------------------------------------------------------------
