     100 files     200 files     255 text files.
classified 249 filesDuplicate file check 249 files (240 known unique)Unique:      100 files                                          Unique:      200 files                                               245 unique files.                              
Counting:  100Counting:  200      47 files ignored.

github.com/AlDanial/cloc v 1.82  T=0.22 s (1055.3 files/s, 511016.4 lines/s)
-------------------------------------------------------------------------------
Language                     files          blank        comment           code
-------------------------------------------------------------------------------
Fortran 90                     149          18340          13121          71764
C++                             17            292            199           1764
Python                          19            482            218           1442
C                                7            323            394            904
JavaScript                       7            277            384            859
Qt                               1              0              0            201
D                               10              3              0             97
Fortran 77                       1              2            190             96
C/C++ Header                     2             22              4             88
Markdown                         2             26              0             77
OpenCL                           3             23             71             42
JSON                             3              0              0             36
HTML                             2              4              0             15
make                             3             18             48             14
Bourne Shell                     4              2              0              9
Arduino Sketch                   1              3              0              6
-------------------------------------------------------------------------------
SUM:                           231          19817          14629          77414
-------------------------------------------------------------------------------
