     100 files     128 text files.
classified 121 filesDuplicate file check 121 files (115 known unique)Unique:      100 files                                               118 unique files.                              
Counting:  100      20 files ignored.

github.com/AlDanial/cloc v 1.74  T=0.22 s (515.5 files/s, 167720.4 lines/s)
-------------------------------------------------------------------------------
Language                     files          blank        comment           code
-------------------------------------------------------------------------------
Fortran 90                      81           7221           3503          23223
C                                6            323            394            888
Python                           4            147             26            495
C++                              5             42             17            209
Qt                               1              0              0            201
Markdown                         2             26              0             77
OpenCL                           3             23             71             42
JavaScript                       5             11              8             34
HTML                             2              4              0             15
JSON                             1              0              0             12
make                             2             14             48              9
Bourne Shell                     2              2              0              3
-------------------------------------------------------------------------------
SUM:                           114           7813           4067          25208
-------------------------------------------------------------------------------
