     100 files     200 files     258 text files.
classified 252 filesDuplicate file check 252 files (243 known unique)Unique:      100 files                                          Unique:      200 files                                               248 unique files.                              
Counting:  100Counting:  200      34 files ignored.

github.com/AlDanial/cloc v 1.82  T=0.21 s (1113.8 files/s, 463130.3 lines/s)
-------------------------------------------------------------------------------
Language                     files          blank        comment           code
-------------------------------------------------------------------------------
Fortran 90                     153          15853          11196          62370
C++                             17            286            182           1759
Python                          19            464            195           1383
C                                7            323            394            904
JavaScript                       6            146            318            432
Qt                               1              0              0            201
D                               10              3              0             97
Fortran 77                       1              2            190             96
C/C++ Header                     2             22              4             86
Markdown                         2             26              0             77
OpenCL                           3             23             71             42
JSON                             3              0              0             36
HTML                             2              4              0             15
make                             3             18             48             14
Bourne Shell                     4              2              0              9
Arduino Sketch                   1              3              0              6
-------------------------------------------------------------------------------
SUM:                           234          17175          12598          67527
-------------------------------------------------------------------------------
