     100 files     200 files     216 text files.
classified 210 filesDuplicate file check 210 files (201 known unique)Unique:      100 files                                          Unique:      200 files                                               206 unique files.                              
Counting:  100Counting:  200      36 files ignored.

github.com/AlDanial/cloc v 1.82  T=0.15 s (1261.2 files/s, 444959.0 lines/s)
-------------------------------------------------------------------------------
Language                     files          blank        comment           code
-------------------------------------------------------------------------------
Fortran 90                     123          11760           6606          42898
C++                             13            276            177           1711
Python                          17            447            182           1340
C                                6            323            393            889
Qt                               1              0              0            201
D                               10              3              0             97
Markdown                         2             26              0             77
OpenCL                           3             23             71             42
JSON                             3              0              0             36
JavaScript                       5             11              8             34
HTML                             2              4              0             15
make                             2             14             48              9
Bourne Shell                     4              2              0              9
Arduino Sketch                   1              3              0              6
-------------------------------------------------------------------------------
SUM:                           192          12892           7485          47364
-------------------------------------------------------------------------------
