      74 text files.
classified 68 files      65 unique files.                              
      18 files ignored.

github.com/AlDanial/cloc v 1.74  T=0.21 s (288.8 files/s, 52963.8 lines/s)
-------------------------------------------------------------------------------
Language                     files          blank        comment           code
-------------------------------------------------------------------------------
Fortran 90                      59           2357            958           7949
Markdown                         2             26              0             77
Bourne Shell                     1              1              0              1
-------------------------------------------------------------------------------
SUM:                            62           2384            958           8027
-------------------------------------------------------------------------------
     100 files     101 text files.
classified 95 files      91 unique files.                              
      21 files ignored.

github.com/AlDanial/cloc v 1.74  T=0.26 s (333.5 files/s, 52156.3 lines/s)
-------------------------------------------------------------------------------
Language                     files          blank        comment           code
-------------------------------------------------------------------------------
Fortran 90                      59           2368            953           7949
Markdown                        26            588              0           1591
Bourne Shell                     1              1              0              1
-------------------------------------------------------------------------------
SUM:                            86           2957            953           9541
-------------------------------------------------------------------------------
