     100 files     200 files     212 text files.
classified 206 filesDuplicate file check 206 files (197 known unique)Unique:      100 files                                               202 unique files.                              
Counting:  100Counting:  200      35 files ignored.

github.com/AlDanial/cloc v 1.82  T=0.15 s (1275.1 files/s, 449659.8 lines/s)
-------------------------------------------------------------------------------
Language                     files          blank        comment           code
-------------------------------------------------------------------------------
Fortran 90                     119          11545           6401          41873
C++                             13            276            177           1711
Python                          17            447            182           1340
C                                6            323            393            889
Qt                               1              0              0            201
D                               10              3              0             97
Markdown                         2             26              0             77
OpenCL                           3             23             71             42
JSON                             3              0              0             36
JavaScript                       5             11              8             34
HTML                             2              4              0             15
make                             2             14             48              9
Bourne Shell                     4              2              0              9
Arduino Sketch                   1              3              0              6
-------------------------------------------------------------------------------
SUM:                           188          12677           7280          46339
-------------------------------------------------------------------------------
