     100 files     127 text files.
classified 120 filesDuplicate file check 120 files (114 known unique)Unique:      100 files                                               117 unique files.                              
Counting:  100      20 files ignored.

github.com/AlDanial/cloc v 1.74  T=0.76 s (147.8 files/s, 47298.3 lines/s)
-------------------------------------------------------------------------------
Language                     files          blank        comment           code
-------------------------------------------------------------------------------
Fortran 90                      80           7021           3357          22648
C                                6            323            394            888
Python                           4            147             26            495
C++                              5             42             17            209
Qt                               1              0              0            201
Markdown                         2             26              0             77
OpenCL                           3             23             71             42
JavaScript                       5             11              8             34
HTML                             2              4              0             15
JSON                             1              0              0             12
make                             2             14             48              9
Bourne Shell                     2              2              0              3
-------------------------------------------------------------------------------
SUM:                           113           7613           3921          24633
-------------------------------------------------------------------------------
