     100 files     200 files     203 text files.
classified 197 filesDuplicate file check 197 files (188 known unique)Unique:      100 files                                               193 unique files.                              
Counting:  100      35 files ignored.

github.com/AlDanial/cloc v 1.82  T=0.14 s (1322.2 files/s, 445396.3 lines/s)
-------------------------------------------------------------------------------
Language                     files          blank        comment           code
-------------------------------------------------------------------------------
Fortran 90                     110          10485           5468          37870
C++                             13            276            177           1711
Python                          17            447            182           1340
C                                6            323            393            889
Qt                               1              0              0            201
D                               10              3              0             97
Markdown                         2             26              0             77
OpenCL                           3             23             71             42
JSON                             3              0              0             36
JavaScript                       5             11              8             34
HTML                             2              4              0             15
Bourne Shell                     4              2              0              9
make                             2             14             48              9
Arduino Sketch                   1              3              0              6
-------------------------------------------------------------------------------
SUM:                           179          11617           6347          42336
-------------------------------------------------------------------------------
