     100 files     200 files     300 files     347 text files.
classified 341 filesDuplicate file check 341 files (319 known unique)Unique:      100 files                                          Unique:      200 files                                          Unique:      300 files                                               331 unique files.                              
Counting:  100Counting:  200Counting:  300      66 files ignored.

github.com/AlDanial/cloc v 1.82  T=0.34 s (890.8 files/s, 502863.9 lines/s)
--------------------------------------------------------------------------------
Language                      files          blank        comment           code
--------------------------------------------------------------------------------
Fortran 90                      178          22484          22116         113944
Python                           31           1260           1993           2661
C++                              18            294            202           1779
C                                13            561            542           1635
JavaScript                        7            277            368            875
JSON                             10             23              0            426
Bourne Shell                     18             29             35            372
Qt                                1              0              0            201
D                                10              3              0             97
Fortran 77                        1              2            190             96
CMake                             1             11            116             91
OpenCL                            7             48            149             90
C/C++ Header                      2             22              4             88
Markdown                          2             26              0             77
HTML                              2              4              0             15
make                              3             18             48             14
Bourne Again Shell                1              1              0              8
Arduino Sketch                    1              3              0              6
DOS Batch                         1              0              0              1
--------------------------------------------------------------------------------
SUM:                            307          25066          25763         122476
--------------------------------------------------------------------------------
